lecture5-v22/app/build/outputs/logs/manifest-merger-debug-report.txt
-- Merging decision tree log ---
manifest
ADDED from src\main\AndroidManifest.xml:2:1-98:12
	package
		ADDED from src\main\AndroidManifest.xml:3:5-29
		INJECTED from src\main\AndroidManifest.xml
		INJECTED from src\main\AndroidManifest.xml
	android:versionName
		ADDED from src\main\AndroidManifest.xml:5:5-30
	android:versionCode
		ADDED from src\main\AndroidManifest.xml:4:5-28
		INJECTED from src\main\AndroidManifest.xml
		INJECTED from src\main\AndroidManifest.xml
	xmlns:android
		ADDED from src\main\AndroidManifest.xml:2:11-69
application
ADDED from src\main\AndroidManifest.xml:7:5-96:19
	android:label
		ADDED from src\main\AndroidManifest.xml:9:9-45
	android:icon
		ADDED from src\main\AndroidManifest.xml:8:9-44
	android:theme
		ADDED from src\main\AndroidManifest.xml:10:9-56
activity#dv606.lecture5.MainList
ADDED from src\main\AndroidManifest.xml:11:9-19:20
	android:label
		ADDED from src\main\AndroidManifest.xml:13:13-49
	android:name
		ADDED from src\main\AndroidManifest.xml:12:13-37
intent-filter#android.intent.action.MAIN+android.intent.category.LAUNCHER
ADDED from src\main\AndroidManifest.xml:14:13-18:29
action#android.intent.action.MAIN
ADDED from src\main\AndroidManifest.xml:15:17-69
	android:name
		ADDED from src\main\AndroidManifest.xml:15:25-66
category#android.intent.category.LAUNCHER
ADDED from src\main\AndroidManifest.xml:17:17-77
	android:name
		ADDED from src\main\AndroidManifest.xml:17:27-74
activity#dv606.lecture5.MoreIntents
ADDED from src\main\AndroidManifest.xml:22:9-24:44
	android:label
		ADDED from src\main\AndroidManifest.xml:24:13-41
	android:name
		ADDED from src\main\AndroidManifest.xml:23:13-40
activity#dv606.lecture5.Hello
ADDED from src\main\AndroidManifest.xml:25:9-27:46
	android:label
		ADDED from src\main\AndroidManifest.xml:27:13-43
	android:name
		ADDED from src\main\AndroidManifest.xml:26:13-34
activity#dv606.lecture5.ReadName
ADDED from src\main\AndroidManifest.xml:28:9-30:50
	android:label
		ADDED from src\main\AndroidManifest.xml:30:13-47
	android:name
		ADDED from src\main\AndroidManifest.xml:29:13-37
activity#dv606.lecture5.ShowTime
ADDED from src\main\AndroidManifest.xml:31:9-39:20
	android:label
		ADDED from src\main\AndroidManifest.xml:33:13-47
	android:name
		ADDED from src\main\AndroidManifest.xml:32:13-37
intent-filter#android.intent.category.DEFAULT+dv606.lecture5.VIEW
ADDED from src\main\AndroidManifest.xml:34:13-38:29
action#dv606.lecture5.VIEW
ADDED from src\main\AndroidManifest.xml:35:17-62
	android:name
		ADDED from src\main\AndroidManifest.xml:35:25-59
category#android.intent.category.DEFAULT
ADDED from src\main\AndroidManifest.xml:37:17-76
	android:name
		ADDED from src\main\AndroidManifest.xml:37:27-73
activity#dv606.lecture5.BroadcastIntents
ADDED from src\main\AndroidManifest.xml:42:9-44:49
	android:label
		ADDED from src\main\AndroidManifest.xml:44:13-46
	android:name
		ADDED from src\main\AndroidManifest.xml:43:13-45
receiver#dv606.lecture5.InternalMessageReceiver
ADDED from src\main\AndroidManifest.xml:46:9-52:20
	android:label
		ADDED from src\main\AndroidManifest.xml:48:13-45
	android:name
		ADDED from src\main\AndroidManifest.xml:47:13-52
intent-filter#dv606.lecture5.BROADCAST
ADDED from src\main\AndroidManifest.xml:49:13-51:29
action#dv606.lecture5.BROADCAST
ADDED from src\main\AndroidManifest.xml:50:17-67
	android:name
		ADDED from src\main\AndroidManifest.xml:50:25-64
activity#dv606.lecture5.NotificationsDemo
ADDED from src\main\AndroidManifest.xml:55:9-57:50
	android:label
		ADDED from src\main\AndroidManifest.xml:57:13-47
	android:name
		ADDED from src\main\AndroidManifest.xml:56:13-46
activity#dv606.lecture5.NotificationDisplay
ADDED from src\main\AndroidManifest.xml:58:9-60:52
	android:label
		ADDED from src\main\AndroidManifest.xml:60:13-49
	android:name
		ADDED from src\main\AndroidManifest.xml:59:13-48
activity#dv606.lecture5.ServiceDemo
ADDED from src\main\AndroidManifest.xml:63:9-65:44
	android:label
		ADDED from src\main\AndroidManifest.xml:65:13-41
	android:name
		ADDED from src\main\AndroidManifest.xml:64:13-40
service#dv606.lecture5.SlowCountService
ADDED from src\main\AndroidManifest.xml:67:9-69:38
	android:enabled
		ADDED from src\main\AndroidManifest.xml:69:13-35
	android:name
		ADDED from src\main\AndroidManifest.xml:68:13-45
activity#dv606.lecture5.BinderDemo
ADDED from src\main\AndroidManifest.xml:71:9-73:43
	android:label
		ADDED from src\main\AndroidManifest.xml:73:13-40
	android:name
		ADDED from src\main\AndroidManifest.xml:72:13-39
activity#dv606.lecture5.AlarmDemo
ADDED from src\main\AndroidManifest.xml:76:9-78:42
	android:label
		ADDED from src\main\AndroidManifest.xml:78:13-39
	android:name
		ADDED from src\main\AndroidManifest.xml:77:13-38
receiver#dv606.lecture5.AlarmReceiver
ADDED from src\main\AndroidManifest.xml:80:9-86:20
	android:label
		ADDED from src\main\AndroidManifest.xml:82:13-51
	android:name
		ADDED from src\main\AndroidManifest.xml:81:13-42
intent-filter#dv606.lecture5.ALARM_BROADCAST
ADDED from src\main\AndroidManifest.xml:83:13-85:29
action#dv606.lecture5.ALARM_BROADCAST
ADDED from src\main\AndroidManifest.xml:84:17-73
	android:name
		ADDED from src\main\AndroidManifest.xml:84:25-70
activity#dv606.lecture5.Threading
ADDED from src\main\AndroidManifest.xml:89:9-91:54
	android:label
		ADDED from src\main\AndroidManifest.xml:91:13-51
	android:name
		ADDED from src\main\AndroidManifest.xml:90:13-38
activity#dv606.lecture5.AlarmTest
ADDED from src\main\AndroidManifest.xml:92:9-95:20
	android:label
		ADDED from src\main\AndroidManifest.xml:94:13-62
	android:name
		ADDED from src\main\AndroidManifest.xml:93:13-38
uses-sdk
INJECTED from src\main\AndroidManifest.xml reason: use-sdk injection requested
	android:targetSdkVersion
		INJECTED from src\main\AndroidManifest.xml
		INJECTED from src\main\AndroidManifest.xml
	android:minSdkVersion
		INJECTED from src\main\AndroidManifest.xml
		INJECTED from src\main\AndroidManifest.xml